<?xml version="1.0" encoding="UTF-8"?>
<!-- Generated by org.testng.reporters.JUnitXMLReporter -->
<testsuite hostname="abhilash-PC" ignored="0" name="Default test" tests="3" failures="0" timestamp="22 Jun 2022 14:53:14 GMT" time="7.109" errors="0">
  <testcase name="verifyBlankEmailErrMsg" time="3.667" classname="com.tests.LoginPageTest"/>
  <testcase name="verifyInavlidCred" time="0.483" classname="com.tests.LoginPageTest"/>
  <testcase name="verifyDashboardPageTitle" time="2.291" classname="com.tests.LoginPageTest"/>
</testsuite> <!-- Default test -->
